<?xml version="1.0" encoding="UTF-8"?>
<!-- Generated by org.testng.reporters.JUnitXMLReporter -->
<testsuite hostname="varshitha-ThinkPad-L450" ignored="0" name="Default test" tests="3" failures="0" timestamp="03 Jun 2019 16:45:13 GMT" time="33.418" errors="0">
  <testcase name="post" time="24.368" classname="Trello.RestAutomation.TrelloTest"/>
  <testcase name="put" time="6.752" classname="Trello.RestAutomation.TrelloTest"/>
  <testcase name="delete" time="2.247" classname="Trello.RestAutomation.TrelloTest"/>
</testsuite> <!-- Default test -->
