<?xml version="1.0" encoding="UTF-8"?>
<testng-results skipped="0" failed="0" ignored="0" total="3" passed="3">
  <reporter-output>
  </reporter-output>
  <suite name="Default suite" duration-ms="33418" started-at="2019-06-03T16:44:40Z" finished-at="2019-06-03T16:45:13Z">
    <groups>
    </groups>
    <test name="Default test" duration-ms="33418" started-at="2019-06-03T16:44:40Z" finished-at="2019-06-03T16:45:13Z">
      <class name="Trello.RestAutomation.TrelloTest">
        <test-method status="PASS" signature="testData()[pri:0, instance:Trello.RestAutomation.TrelloTest@13deb50e]" name="testData" is-config="true" duration-ms="16" started-at="2019-06-03T16:44:40Z" finished-at="2019-06-03T16:44:40Z">
          <reporter-output>
          </reporter-output>
        </test-method> <!-- testData -->
        <test-method status="PASS" signature="post()[pri:1, instance:Trello.RestAutomation.TrelloTest@13deb50e]" name="post" duration-ms="24368" started-at="2019-06-03T16:44:40Z" finished-at="2019-06-03T16:45:04Z">
          <reporter-output>
          </reporter-output>
        </test-method> <!-- post -->
        <test-method status="PASS" signature="put()[pri:2, instance:Trello.RestAutomation.TrelloTest@13deb50e]" name="put" duration-ms="6752" started-at="2019-06-03T16:45:04Z" finished-at="2019-06-03T16:45:11Z">
          <reporter-output>
          </reporter-output>
        </test-method> <!-- put -->
        <test-method status="PASS" signature="delete()[pri:3, instance:Trello.RestAutomation.TrelloTest@13deb50e]" name="delete" duration-ms="2247" started-at="2019-06-03T16:45:11Z" finished-at="2019-06-03T16:45:13Z">
          <reporter-output>
          </reporter-output>
        </test-method> <!-- delete -->
      </class> <!-- Trello.RestAutomation.TrelloTest -->
    </test> <!-- Default test -->
  </suite> <!-- Default suite -->
</testng-results>
